<?xml version="1.0" encoding="UTF-8"?>
<!-- Generated by org.testng.reporters.JUnitReportReporter -->
<testsuite hostname="Mahbubs-MacBook-Pro.local" failures="0" tests="2" name="runners.SmokeTestRunner" time="0.094" errors="0" timestamp="2021-12-18T16:13:17 EST" skipped="0">
  <testcase classname="runners.SmokeTestRunner" name="runScenario" time="0.085"/>
  <system-out/>
  <testcase classname="runners.SmokeTestRunner" name="runScenario" time="0.009"/>
  <system-out/>
</testsuite> <!-- runners.SmokeTestRunner -->
